<?xml version="1.0" encoding="UTF-8"?>
<!-- Generated by org.testng.reporters.JUnitXMLReporter -->
<testsuite hostname="LAPTOP-06IB4115" ignored="0" name="Test1" tests="3" failures="0" timestamp="2021-06-18T18:51:08 IST" time="0.07" errors="0">
  <testcase name="verifyName" time="0.006" classname="Methods.Repeat1"/>
  <testcase name="verifyName1" time="0.002" classname="Methods.Repeat1"/>
  <testcase name="verifyName2" time="0.001" classname="Methods.Repeat1"/>
</testsuite> <!-- Test1 -->
